<?xml version="1.0" encoding="UTF-8"?>
<coverage generated="1580749858783" clover="3.2.0">
  <project timestamp="1580749858784" name="All files">
    <metrics statements="31" coveredstatements="25" conditionals="0" coveredconditionals="0" methods="6" coveredmethods="3" elements="37" coveredelements="28" complexity="0" loc="31" ncloc="31" packages="3" files="4" classes="4"/>
    <package name="image-carousel-from-static-map">
      <metrics statements="2" coveredstatements="2" conditionals="0" coveredconditionals="0" methods="0" coveredmethods="0"/>
      <file name="images.js" path="/Users/sonam/Desktop/image-carousel-from-static-map/images.js">
        <metrics statements="2" coveredstatements="2" conditionals="0" coveredconditionals="0" methods="0" coveredmethods="0"/>
        <line num="1" count="1" type="stmt"/>
        <line num="628" count="1" type="stmt"/>
      </file>
    </package>
    <package name="image-carousel-from-static-map.client.src.components">
      <metrics statements="27" coveredstatements="21" conditionals="0" coveredconditionals="0" methods="6" coveredmethods="3"/>
      <file name="App.jsx" path="/Users/sonam/Desktop/image-carousel-from-static-map/client/src/components/App.jsx">
        <metrics statements="18" coveredstatements="14" conditionals="0" coveredconditionals="0" methods="5" coveredmethods="3"/>
        <line num="7" count="1" type="stmt"/>
        <line num="14" count="1" type="stmt"/>
        <line num="32" count="1" type="stmt"/>
        <line num="38" count="1" type="stmt"/>
        <line num="55" count="1" type="stmt"/>
        <line num="72" count="1" type="stmt"/>
        <line num="81" count="1" type="stmt"/>
        <line num="85" count="1" type="stmt"/>
        <line num="86" count="1" type="stmt"/>
        <line num="90" count="1" type="stmt"/>
        <line num="91" count="1" type="stmt"/>
        <line num="110" count="0" type="stmt"/>
        <line num="112" count="0" type="stmt"/>
        <line num="118" count="0" type="stmt"/>
        <line num="120" count="0" type="stmt"/>
        <line num="126" count="1" type="stmt"/>
        <line num="127" count="1" type="stmt"/>
        <line num="153" count="6" type="stmt"/>
      </file>
      <file name="ListImages.jsx" path="/Users/sonam/Desktop/image-carousel-from-static-map/client/src/components/ListImages.jsx">
        <metrics statements="9" coveredstatements="7" conditionals="0" coveredconditionals="0" methods="1" coveredmethods="0"/>
        <line num="4" count="1" type="stmt"/>
        <line num="9" count="1" type="stmt"/>
        <line num="19" count="1" type="stmt"/>
        <line num="27" count="1" type="stmt"/>
        <line num="35" count="1" type="stmt"/>
        <line num="46" count="1" type="stmt"/>
        <line num="67" count="1" type="stmt"/>
        <line num="80" count="0" type="stmt"/>
        <line num="81" count="0" type="stmt"/>
      </file>
    </package>
    <package name="image-carousel-from-static-map.client.src.style">
      <metrics statements="2" coveredstatements="2" conditionals="0" coveredconditionals="0" methods="0" coveredmethods="0"/>
      <file name="ListImages.jsx" path="/Users/sonam/Desktop/image-carousel-from-static-map/client/src/style/ListImages.jsx">
        <metrics statements="2" coveredstatements="2" conditionals="0" coveredconditionals="0" methods="0" coveredmethods="0"/>
        <line num="2" count="1" type="stmt"/>
        <line num="23" count="1" type="stmt"/>
      </file>
    </package>
  </project>
</coverage>
