{"/Users/sonam/Desktop/image-carousel-from-static-map/images.js": {"path":"/Users/sonam/Desktop/image-carousel-from-static-map/images.js","statementMap":{"0":{"start":{"line":1,"column":15},"end":{"line":626,"column":1}},"1":{"start":{"line":628,"column":0},"end":{"line":628,"column":24}}},"fnMap":{},"branchMap":{},"s":{"0":1,"1":1},"f":{},"b":{},"_coverageSchema":"1a1c01bbd47fc00a2c39e90264f33305004495a9","hash":"8522bd044fe2e556788df2529a373a95946ba646"}
,"/Users/sonam/Desktop/image-carousel-from-static-map/client/src/components/App.jsx": {"path":"/Users/sonam/Desktop/image-carousel-from-static-map/client/src/components/App.jsx","statementMap":{"0":{"start":{"line":7,"column":16},"end":{"line":13,"column":1}},"1":{"start":{"line":14,"column":15},"end":{"line":30,"column":1}},"2":{"start":{"line":32,"column":17},"end":{"line":36,"column":1}},"3":{"start":{"line":38,"column":16},"end":{"line":53,"column":1}},"4":{"start":{"line":55,"column":16},"end":{"line":70,"column":1}},"5":{"start":{"line":72,"column":15},"end":{"line":79,"column":1}},"6":{"start":{"line":81,"column":18},"end":{"line":81,"column":30}},"7":{"start":{"line":85,"column":4},"end":{"line":85,"column":17}},"8":{"start":{"line":86,"column":4},"end":{"line":89,"column":6}},"9":{"start":{"line":90,"column":4},"end":{"line":90,"column":53}},"10":{"start":{"line":91,"column":4},"end":{"line":91,"column":53}},"11":{"start":{"line":110,"column":21},"end":{"line":110,"column":44}},"12":{"start":{"line":112,"column":4},"end":{"line":114,"column":7}},"13":{"start":{"line":118,"column":21},"end":{"line":118,"column":44}},"14":{"start":{"line":120,"column":4},"end":{"line":122,"column":7}},"15":{"start":{"line":126,"column":30},"end":{"line":126,"column":40}},"16":{"start":{"line":127,"column":4},"end":{"line":159,"column":6}},"17":{"start":{"line":153,"column":16},"end":{"line":153,"column":61}}},"fnMap":{"0":{"name":"(anonymous_0)","decl":{"start":{"line":84,"column":2},"end":{"line":84,"column":3}},"loc":{"start":{"line":84,"column":21},"end":{"line":93,"column":3}},"line":84},"1":{"name":"(anonymous_1)","decl":{"start":{"line":109,"column":2},"end":{"line":109,"column":3}},"loc":{"start":{"line":109,"column":17},"end":{"line":115,"column":3}},"line":109},"2":{"name":"(anonymous_2)","decl":{"start":{"line":117,"column":2},"end":{"line":117,"column":3}},"loc":{"start":{"line":117,"column":17},"end":{"line":123,"column":3}},"line":117},"3":{"name":"(anonymous_3)","decl":{"start":{"line":125,"column":2},"end":{"line":125,"column":3}},"loc":{"start":{"line":125,"column":11},"end":{"line":160,"column":3}},"line":125},"4":{"name":"(anonymous_4)","decl":{"start":{"line":152,"column":26},"end":{"line":152,"column":27}},"loc":{"start":{"line":152,"column":33},"end":{"line":154,"column":15}},"line":152}},"branchMap":{},"s":{"0":1,"1":1,"2":1,"3":1,"4":1,"5":1,"6":1,"7":1,"8":1,"9":1,"10":1,"11":0,"12":0,"13":0,"14":0,"15":1,"16":1,"17":6},"f":{"0":1,"1":0,"2":0,"3":1,"4":6},"b":{},"_coverageSchema":"1a1c01bbd47fc00a2c39e90264f33305004495a9","hash":"e848e61048c5011b89031e5a5db0d45770455c6d"}
,"/Users/sonam/Desktop/image-carousel-from-static-map/client/src/components/ListImages.jsx": {"path":"/Users/sonam/Desktop/image-carousel-from-static-map/client/src/components/ListImages.jsx","statementMap":{"0":{"start":{"line":4,"column":12},"end":{"line":7,"column":1}},"1":{"start":{"line":9,"column":15},"end":{"line":17,"column":1}},"2":{"start":{"line":19,"column":14},"end":{"line":25,"column":1}},"3":{"start":{"line":27,"column":17},"end":{"line":33,"column":1}},"4":{"start":{"line":35,"column":13},"end":{"line":44,"column":1}},"5":{"start":{"line":46,"column":16},"end":{"line":66,"column":1}},"6":{"start":{"line":67,"column":19},"end":{"line":119,"column":1}},"7":{"start":{"line":80,"column":6},"end":{"line":80,"column":9}},"8":{"start":{"line":81,"column":2},"end":{"line":118,"column":4}}},"fnMap":{"0":{"name":"(anonymous_0)","decl":{"start":{"line":67,"column":19},"end":{"line":67,"column":20}},"loc":{"start":{"line":67,"column":32},"end":{"line":119,"column":1}},"line":67}},"branchMap":{},"s":{"0":1,"1":1,"2":1,"3":1,"4":1,"5":1,"6":1,"7":0,"8":0},"f":{"0":0},"b":{},"_coverageSchema":"1a1c01bbd47fc00a2c39e90264f33305004495a9","hash":"1042177e1b4aa693e2042f0fcb702917350eca5c"}
,"/Users/sonam/Desktop/image-carousel-from-static-map/client/src/style/ListImages.jsx": {"path":"/Users/sonam/Desktop/image-carousel-from-static-map/client/src/style/ListImages.jsx","statementMap":{"0":{"start":{"line":2,"column":14},"end":{"line":21,"column":1}},"1":{"start":{"line":23,"column":0},"end":{"line":23,"column":23}}},"fnMap":{},"branchMap":{},"s":{"0":1,"1":1},"f":{},"b":{},"_coverageSchema":"1a1c01bbd47fc00a2c39e90264f33305004495a9","hash":"c08495c9ca4f5bfde07ec292988b8f174c661147"}
}
