TN:
SF:images.js
FNF:0
FNH:0
DA:1,1
DA:628,1
LF:2
LH:2
BRF:0
BRH:0
end_of_record
TN:
SF:client/src/components/App.jsx
FN:84,(anonymous_0)
FN:109,(anonymous_1)
FN:117,(anonymous_2)
FN:125,(anonymous_3)
FN:152,(anonymous_4)
FNF:5
FNH:3
FNDA:1,(anonymous_0)
FNDA:0,(anonymous_1)
FNDA:0,(anonymous_2)
FNDA:1,(anonymous_3)
FNDA:6,(anonymous_4)
DA:7,1
DA:14,1
DA:32,1
DA:38,1
DA:55,1
DA:72,1
DA:81,1
DA:85,1
DA:86,1
DA:90,1
DA:91,1
DA:110,0
DA:112,0
DA:118,0
DA:120,0
DA:126,1
DA:127,1
DA:153,6
LF:18
LH:14
BRF:0
BRH:0
end_of_record
TN:
SF:client/src/components/ListImages.jsx
FN:67,(anonymous_0)
FNF:1
FNH:0
FNDA:0,(anonymous_0)
DA:4,1
DA:9,1
DA:19,1
DA:27,1
DA:35,1
DA:46,1
DA:67,1
DA:80,0
DA:81,0
LF:9
LH:7
BRF:0
BRH:0
end_of_record
TN:
SF:client/src/style/ListImages.jsx
FNF:0
FNH:0
DA:2,1
DA:23,1
LF:2
LH:2
BRF:0
BRH:0
end_of_record
